 ARGI   PRO    ARG    PHE    SER    PHE    SER    ILE    ALA    ALA  
 ARG    GLU    GLY    LYS    ALA    ARG    THR    GLY    THR    ILE  
 GLU    MET    LYS    ARG    GLY    VAL    ILE    ARG    THR    PRO  
 ALA    PHE    MET    PRO    VAL    GLY    THR    ALA    ALA    THR  
 VAL    LYS    ALA    LEU    LYS    PRO    GLU    THR    VAL    ARG  
 ALA    THR    GLY    ALA    ASP    ILE    ILE    LEU    GLY    ASN  
 THR    TYR    HISE   LEU    MET    LEU    ARG    PRO    GLY    ALA  
 GLU    ARG    ILE    ALA    LYS    LEU    GLY    GLY    LEU    HISE 
 SER    PHE    MET    GLY    TRP    ASP    ARG    PRO    ILE    LEU  
 THR    ASPN2  SER    GLY    GLY    TYR    GLN    VAL    MET    LEU  
 SER    LEU    THR    LYS    GLN    SER    GLU    GLU    GLY    VAL  
 THR    PHE    MET    LEU    SER    PRO    GLU    ARG    SER    ILE  
 GLU    ILE    GLN    HISD   LEU    LEU    GLY    SER    ASP    ILE  
 VAL    MET    ALA    PHE    ASP    GLU    CYSH   THR    PRO    TYR  
 PRO    ALA    THR    PRO    SER    ARG    ALA    ALA    SER    SER  
 MET    GLU    ARG    SER    MET    ARG    TRP    ALA    LYS    ARG  
 SER    ARG    ASP    ALA    PHE    ASP    SER    ARG    LYS    GLU  
 GLN    ALA    GLU    ASN    ALA    ALA    LEU    PHE    GLY    ILE  
 GLN    GLN    GLY    SER    VAL    PHE    GLU    ASN    LEU    ARG  
 GLN    GLN    SER    ALA    ASP    ALA    LEU    ALA    GLU    ILE  
 GLY    PHE    ASP    GLY    TYR    ALA    VAL    GLY    GLY    LEU  
 ALA    VAL    GLY    GLU    GLY    GLN    ASP    GLU    MET    PHE  
 ARG    VAL    LEU    ASP    PHE    SER    VAL    PRO    MET    LEU  
 PRO    ASP    ASP    LYS    PRO    HISP   TYR    LEU    MET    GLY  
 VAL    GLY    LYS    PRO    ASP    ASP    ILE    VAL    GLY    ALA  
 VAL    GLU    ARG    GLY    ILE    ASP    MET    PHE    ASP    CYSH 
 VAL    LEU    PRO    THR    ARG    SER    GLY    ARG    ASN    GLY  
 GLN    ALA    PHE    THR    TRP    ASP    GLY    PRO    ILE    ASN  
 ILE    ARG    ASN    ALA    ARG    PHE    SER    GLU    ASP    LEU  
 LYS    PRO    LEU    ASP    SER    GLU    CYS    HISD   CYS    ALA  
 VAL    CYS    GLN    LYS    TRP    SER    ARG    ALA    TYR    ILE  
 HISD   HISD   LEU    ILE    ARG    ALA    GLY    GLU    ILE    LEU  
 GLY    ALA    MET    LEU    MET    THR    GLU    HISE   ASN    ILE  
 ALA    PHE    TYR    GLN    GLN    LEU    MET    GLN    LYS    ILE  
 ARG    ASP    SER    ILE    SER    GLU    GLY    ARG    PHE    SER  
 GLN    PHE    ALA    GLN    ASP    PHE    ARG    ALA    ARG    TYR  
 PHET 

NUMERO DE AMINOACIDOS DA CADEIA : 361

RECONSTRUCAO  DO ATOMO     6  NE  DO AMINOACIDO     1 ARGI 
RECONSTRUCAO  DO ATOMO     8  CZ  DO AMINOACIDO     1 ARGI 
RECONSTRUCAO  DO ATOMO     9  NH1 DO AMINOACIDO     1 ARGI 
RECONSTRUCAO  DO ATOMO    12  NH2 DO AMINOACIDO     1 ARGI 
RECONSTRUCAO  DO ATOMO   592  CD2 DO AMINOACIDO    63 HISE 
RECONSTRUCAO  DO ATOMO   593  NE2 DO AMINOACIDO    63 HISE 
RECONSTRUCAO  DO ATOMO   595  CE1 DO AMINOACIDO    63 HISE 
RECONSTRUCAO  DO ATOMO   596  ND1 DO AMINOACIDO    63 HISE 
RECONSTRUCAO  DO ATOMO   631  CD  DO AMINOACIDO    67 ARG  
RECONSTRUCAO  DO ATOMO   632  NE  DO AMINOACIDO    67 ARG  
RECONSTRUCAO  DO ATOMO   633  CZ  DO AMINOACIDO    67 ARG  
RECONSTRUCAO  DO ATOMO   635  NH1 DO AMINOACIDO    67 ARG  
RECONSTRUCAO  DO ATOMO   638  NH2 DO AMINOACIDO    67 ARG  
RECONSTRUCAO  DO ATOMO   933  SD  DO AMINOACIDO    99 MET  
RECONSTRUCAO  DO ATOMO   934  CE  DO AMINOACIDO    99 MET  
RECONSTRUCAO  DO ATOMO   958  CG  DO AMINOACIDO   102 LEU  
RECONSTRUCAO  DO ATOMO   959  CD1 DO AMINOACIDO   102 LEU  
RECONSTRUCAO  DO ATOMO   960  CD2 DO AMINOACIDO   102 LEU  
RECONSTRUCAO  DO ATOMO   976  CG  DO AMINOACIDO   104 LYS  
RECONSTRUCAO  DO ATOMO   977  CD  DO AMINOACIDO   104 LYS  
RECONSTRUCAO  DO ATOMO   978  CE  DO AMINOACIDO   104 LYS  
RECONSTRUCAO  DO ATOMO   979  NZ  DO AMINOACIDO   104 LYS  
RECONSTRUCAO  DO ATOMO  1614  CG  DO AMINOACIDO   169 LYS  
RECONSTRUCAO  DO ATOMO  1615  CD  DO AMINOACIDO   169 LYS  
RECONSTRUCAO  DO ATOMO  1616  CE  DO AMINOACIDO   169 LYS  
RECONSTRUCAO  DO ATOMO  1617  NZ  DO AMINOACIDO   169 LYS  
RECONSTRUCAO  DO ATOMO  1629  OE1 DO AMINOACIDO   170 GLU  
RECONSTRUCAO  DO ATOMO  1630  OE2 DO AMINOACIDO   170 GLU  
RECONSTRUCAO  DO ATOMO  1896  CD  DO AMINOACIDO   199 GLU  
RECONSTRUCAO  DO ATOMO  1897  OE1 DO AMINOACIDO   199 GLU  
RECONSTRUCAO  DO ATOMO  1898  OE2 DO AMINOACIDO   199 GLU  
RECONSTRUCAO  DO ATOMO  3217  CE  DO AMINOACIDO   339 LYS  
RECONSTRUCAO  DO ATOMO  3218  NZ  DO AMINOACIDO   339 LYS  
RECONSTRUCAO  DO ATOMO  3371  CD  DO AMINOACIDO   354 GLN  
RECONSTRUCAO  DO ATOMO  3372  OE1 DO AMINOACIDO   354 GLN  
RECONSTRUCAO  DO ATOMO  3373  NE2 DO AMINOACIDO   354 GLN  
RECONSTRUCAO  DO ATOMO  3465  OXT DO AMINOACIDO   361 PHET 

NUMERO DE ATOMOS DA CADEIA :  3465

FORAM RECONSTRUIDOS    22 ATOMOS DE HIDROGENIO
