 CYSSI  GLN    ASP    VAL    VAL    GLN    ASP    VAL    PRO    ASN  
 VAL    ASP    VAL    GLN    MET    LEU    GLU    LEU    TYR    ASP  
 ARG    MET    SER    PHE    LYS    ASP    ILE    ASP    GLY    GLY  
 VAL    TRP    LYS    GLN    GLY    TRP    ASN    ILE    LYS    TYR  
 ASP    PRO    LEU    LYS    TYR    ASN    ALA    HISE   HISD   LYS  
 LEU    LYS    VAL    PHE    VAL    VAL    PRO    HISE   SER    HISD 
 ASN    ASP    PRO    GLY    TRP    ILE    GLN    THR    PHE    GLU  
 GLU    TYR    TYR    GLN    HISD   ASP    THR    LYS    HISD   ILE  
 LEU    SER    ASN    ALA    LEU    ARG    HISD   LEU    HISD   ASP  
 ASN    PRO    GLU    MET    LYS    PHE    ILE    TRP    ALA    GLU  
 ILE    SER    TYR    PHE    ALA    ARG    PHE    TYR    HISD   ASP  
 LEU    GLY    GLU    ASN    LYS    LYS    LEU    GLN    MET    LYS  
 SER    ILE    VAL    LYS    ASN    GLY    GLN    LEU    GLU    PHE  
 VAL    THR    GLY    GLY    TRP    VAL    MET    PRO    ASP    GLU  
 ALA    ASN    SER    HISE   TRP    ARG    ASN    VAL    LEU    LEU  
 GLN    LEU    THR    GLU    GLY    GLN    THR    TRP    LEU    LYS  
 GLN    PHE    MET    ASN    VAL    THR    PRO    THR    ALA    SER  
 TRP    ALA    ILE    ASP    PRO    PHE    GLY    HISD   SER    PRO  
 THR    MET    PRO    TYR    ILE    LEU    GLN    LYS    SER    GLY  
 PHE    LYS    ASN    MET    LEU    ILE    GLN    ARG    THR    HISE 
 TYR    SER    VAL    LYSN   LYS    GLU    LEU    ALA    GLN    GLN  
 ARG    GLN    LEU    GLU    PHE    LEU    TRP    ARG    GLN    ILE  
 TRP    ASP    ASN    LYS    GLY    ASP    THR    ALA    LEU    PHE  
 THR    HISD   MET    MET    PRO    PHE    TYR    SER    TYR    ASP  
 ILE    PRO    HISD   THR    CYSS   GLY    PRO    ASP    PRO    LYS  
 VAL    CYSS   CYSS   GLN    PHE    ASP    PHE    LYS    ARG    MET  
 GLY    SER    PHE    GLY    LEU    SER    CYSS   PRO    TRP    LYS  
 VAL    PRO    PRO    ARG    THR    ILE    SER    ASP    GLN    ASN  
 VAL    ALA    ALA    ARG    SER    ASP    LEU    LEU    VAL    ASP  
 GLN    TRP    LYS    LYS    LYSN   ALA    GLU    LEU    TYR    ARG  
 THR    ASN    VAL    LEU    LEU    ILE    PRO    LEU    GLY    ASPN2
 ASP    PHE    ARG    PHE    LYS    GLN    ASN    THR    GLU    TRP  
 ASP    VAL    GLN    ARG    VAL    ASN    TYR    GLU    ARG    LEU  
 PHE    GLU    HISE   ILE    ASN    SER    GLN    ALA    HISD   PHE  
 ASN    VAL    GLN    ALA    GLN    PHE    GLY    THR    LEU    GLN  
 GLU    TYR    PHE    ASP    ALA    VAL    HISD   GLN    ALA    GLU  
 ARG    ALA    GLY    GLN    ALA    GLU    PHE    PRO    THR    LEU  
 SER    GLY    ASP    PHE    PHE    THR    TYR    ALA    ASP    ARG  
 SER    ASP    ASN    TYR    TRP    SER    GLY    TYR    TYR    THR  
 SER    ARG    PRO    TYR    HISE   LYSN   ARG    MET    ASP    ARG  
 VAL    LEU    MET    HISP   TYR    VAL    ARG    ALA    ALA    GLU  
 MET    LEU    SER    ALA    TRP    HISD   SER    TRP    ASP    GLY  
 MET    ALA    ARG    ILE    GLU    GLU    ARG    LEU    GLU    GLN  
 ALA    ARG    ARG    GLU    LEU    SER    LEU    PHE    GLN    HISE 
 HISD   ASP    GLY    ILE    THR    GLY    THR    ALA    LYS    THR  
 HISE   VAL    VAL    VAL    ASP    TYR    GLU    GLN    ARG    MET  
 GLN    GLU    ALA    LEU    LYS    ALA    CYSH   GLN    MET    VAL  
 MET    GLN    GLN    SER    VAL    TYR    ARG    LEU    LEU    THR  
 LYS    PRO    SER    ILE    TYR    SER    PRO    ASP    PHE    SER  
 PHE    SER    TYR    PHE    THR    LEU    ASP    ASP    SER    ARG  
 TRP    PRO    GLY    SER    GLY    VAL    GLU    ASP    SER    ARG  
 THR    THR    ILE    ILE    LEU    GLY    GLU    ASP    ILE    LEU  
 PRO    SER    LYS    HISD   VAL    VAL    MET    HISD   ASN    THR  
 LEU    PRO    HISD   TRP    ARG    GLU    GLN    LEU    VAL    ASP  
 PHE    TYR    VAL    SER    SER    PRO    PHE    VAL    SER    VAL  
 THR    ASP    LEU    ALA    ASN    ASN    PRO    VAL    GLU    ALA  
 GLN    VAL    SER    PRO    VAL    TRP    SER    TRP    HISD   HISD 
 ASP    THR    LEU    THR    LYS    THR    ILE    HISE   PRO    GLN  
 GLY    SER    THR    THR    LYS    TYR    ARG    ILE    ILE    PHE  
 LYS    ALA    ARG    VAL    PRO    PRO    MET    GLY    LEU    ALA  
 THR    TYR    VAL    LEU    THR    ILE    SER    ASP    SER    LYS  
 PRO    GLU    HISE   THR    SER    TYR    ALA    SER    ASN    LEU  
 LEU    LEU    ARG    LYS    ASN    PRO    THR    SER    LEU    PRO  
 LEU    GLY    GLN    TYR    PRO    GLU    ASP    VAL    LYS    PHE  
 GLY    ASP    PRO    ARG    GLU    ILE    SER    LEU    ARG    VAL  
 GLY    ASN    GLY    PRO    THR    LEU    ALA    PHE    SER    GLU  
 GLN    GLY    LEU    LEU    LYS    SER    ILE    GLN    LEU    THR  
 GLN    ASP    SER    PRO    HISE   VAL    PRO    VAL    HISD   PHE  
 LYS    PHE    LEU    LYS    TYR    GLY    VAL    ARG    SER    HISD 
 GLY    ASP    ARG    SER    GLY    ALA    TYR    LEU    PHE    LEU  
 PRO    ASN    GLY    PRO    ALA    SER    PRO    VAL    GLU    LEU  
 GLY    GLN    PRO    VAL    VAL    LEU    VAL    THR    LYS    GLY  
 LYS    LEU    GLU    SER    SER    VAL    SER    VAL    GLY    LEU  
 PRO    SER    VAL    VAL    HISD   GLN    THR    ILE    MET    ARG  
 GLY    GLY    ALA    PRO    GLU    ILE    ARG    ASN    LEU    VAL  
 ASP    ILE    GLY    SER    LEU    ASP    ASN    THR    GLU    ILE  
 VAL    MET    ARG    LEU    GLU    THR    HISD   ILE    ASP    SER  
 GLY    ASP    ILE    PHE    TYR    THR    ASP    LEU    ASN    GLY  
 LEU    GLN    PHE    ILE    LYS    ARG    ARG    ARG    LEU    ASP  
 LYS    LEU    PRO    LEU    GLN    ALA    ASN    TYR    TYR    PRO  
 ILE    PRO    SER    GLY    MET    PHE    ILE    GLU    ASP    ALA  
 ASN    THR    ARG    LEU    THR    LEU    LEU    THR    GLY    GLN  
 PRO    LEU    GLY    GLY    SER    SER    LEU    ALA    SER    GLY  
 GLU    LEU    GLU    ILE    MET    GLN    ASP    ARG    ARG    LEU  
 ALA    SER    ASP    ASP    GLU    ARG    GLY    LEU    GLY    GLN  
 GLY    VAL    LEU    ASP    ASN    LYS    PRO    VAL    LEU    HISE 
 ILE    TYR    ARG    LEU    VAL    LEU    GLU    LYS    VAL    ASN  
 ASN    CYSS   VAL    ARG    PRO    SER    LYS    LEU    HISE   PRO  
 ALA    GLY    TYR    LEU    THR    SER    ALA    ALA    HISE   LYS  
 ALA    SER    GLN    SER    LEU    LEU    ASP    PRO    LEU    ASP  
 LYS    PHE    ILE    PHE    ALA    GLU    ASN    GLU    TRP    ILE  
 GLY    ALA    GLN    GLY    GLN    PHE    GLY    GLY    ASP    HISD 
 PRO    SER    ALA    ARG    GLU    ASP    LEU    ASP    VAL    SER  
 VAL    MET    ARG    ARG    LEU    THR    LYS    SER    SER    ALA  
 LYS    THR    GLN    ARG    VAL    GLY    TYR    VAL    LEU    HISD 
 ARG    THR    ASN    LEU    MET    GLN    CYSS   GLY    THR    PRO  
 GLU    GLU    HISD   THR    GLN    LYS    LEU    ASP    VAL    CYSS 
 HISP   LEU    LEU    PRO    ASN    VAL    ALA    ARG    CYSS   GLU  
 ARG    THR    THR    LEU    THR    PHE    LEU    GLN    ASN    LEU  
 GLU    HISD   LEU    ASP    GLY    MET    VAL    ALA    PRO    GLU  
 VAL    CYSS   PRO    MET    GLU    THR    ALA    ALA    TYR    VAL  
 SER    SER    HISD   SERT 

NUMERO DE AMINOACIDOS DA CADEIA : ***

RECONSTRUCAO  DO ATOMO  9991  OXT DO AMINOACIDO  1014 SERT 

NUMERO DE ATOMOS DA CADEIA :  9991

FORAM RECONSTRUIDOS     0 ATOMOS DE HIDROGENIO
