 LYSI   LEU    CYSS   SER    LEU    ASP    ASN    GLY    ASP    CYSS 
 ASP    GLN    PHE    CYSS   HISD   GLU    GLU    GLN    ASN    SER  
 VAL    VAL    CYSS   SER    CYSS   ALA    ARG    GLY    TYR    THR  
 LEU    ALA    ASP    ASN    GLY    LYS    ALA    CYSS   ILE    PRO  
 THR    GLY    PRO    TYR    PRO    CYSH   GLY    LYS    GLN    THR  
 LEUT                                                                
                                                                     
                                                                     
                                                                     
                                                                     
                                                                     
                                                                     
                                                                     
                                                                     
                                                                     
                                                                     
                                                                     
                                                                     
                                                                     
                                                                     
                                                                     
                                                                     
                                         

NUMERO DE AMINOACIDOS DA CADEIA : 226

RECONSTRUCAO  DO ATOMO  2219  OXT DO AMINOACIDO   226 LYSNT

NUMERO DE ATOMOS DA CADEIA :  2219

FORAM RECONSTRUIDOS     1 ATOMOS DE HIDROGENIO
 LYSI   LEU    CYSS   SER    LEU    ASP    ASN    GLY    ASP    CYSS 
 ASP    GLN    PHE    CYSS   HISD   GLU    GLU    GLN    ASN    SER  
 VAL    VAL    CYSS   SER    CYSS   ALA    ARG    GLY    TYR    THR  
 LEU    ALA    ASP    ASN    GLY    LYS    ALA    CYSS   ILE    PRO  
 THR    GLY    PRO    TYR    PRO    CYSH   GLY    LYS    GLN    THR  
 LEUT 

NUMERO DE AMINOACIDOS DA CADEIA :  51

RECONSTRUCAO  DO ATOMO   462  OXT DO AMINOACIDO    51 LEUT 

NUMERO DE ATOMOS DA CADEIA :   462

FORAM RECONSTRUIDOS     1 ATOMOS DE HIDROGENIO
