 ILEI   VAL    GLY    GLY    TYR    THR    CYSS   GLY    ALA    ASN  
 THR    VAL    PRO    TYR    GLN    VAL    SER    LEU    ASN    SER  
 GLY    TYR    HISE   PHE    CYSS   GLY    GLY    SER    LEU    ILE  
 ASN    SER    GLN    TRP    VAL    VAL    SER    ALA    ALA    HISD 
 CYSS   TYR    LYS    SER    GLY    ILE    GLN    VAL    LEU    GLY  
 GLU    ASP    ASN    ILE    ASN    VAL    VAL    GLU    GLY    ASN  
 GLU    GLN    PHE    ILE    SER    ALA    SER    LYS    SER    ILE  
 VAL    HISE   PRO    SER    TYR    ASN    SER    ASN    THR    LEU  
 ASN    ASN    ASP    ILE    MET    LEU    ILE    LYS    LEU    LYS  
 SER    ALA    ALA    SER    LEU    ASN    SER    ARG    VAL    ALA  
 SER    ILE    SER    LEU    PRO    THR    SER    CYSS   ALA    SER  
 ALA    GLY    THR    GLN    CYSS   LEU    ILE    SER    GLY    TRP  
 GLY    ASN    THR    LYS    SER    SER    GLY    THR    SER    TYR  
 PRO    ASP    VAL    LEU    LYS    CYSS   LEU    LYS    ALA    PRO  
 ILE    LEU    SER    ASP    SER    SER    CYSS   LYS    SER    ALA  
 TYR    PRO    GLY    GLN    ILE    THR    SER    ASN    MET    PHE  
 CYSS   ALA    GLY    LEU    GLU    GLY    GLY    ASP    SER    CYSS 
 GLN    GLY    ASP    SER    GLY    GLY    PRO    VAL    VAL    CYSS 
 SER    GLY    LYS    LEU    GLN    GLY    ILE    VAL    SER    TRP  
 GLY    SER    GLY    CYSS   ALA    LYS    ASN    LYS    PRO    GLY  
 VAL    TYR    THR    LYS    VAL    CYSS   ASN    TYR    VAL    SER  
 TRP    ILE    LYS    GLN    THR    ILE    ALA    SER    ASNT 

NUMERO DE AMINOACIDOS DA CADEIA : 219


NUMERO DE ATOMOS DA CADEIA :  1955

